<?xml version="1.0" encoding="UTF-8"?><testsuite errors="4" failures="0" name="in.co.gorest.gorestinfo.GorestCURDTestWithSteps" skipped="0" tests="10" time="18.38" timestamp="2022-06-21T11:51:09.710+01:00[Europe/London]"><testcase classname="in.co.gorest.gorestinfo.GorestCURDTestWithSteps" name="This will create a new User"/><testcase classname="in.co.gorest.gorestinfo.GorestCURDTestWithSteps" name="This will Fetch user by ID"/><testcase classname="in.co.gorest.gorestinfo.GorestCURDTestWithSteps" name="This will Fetch user by ID"/><testcase classname="in.co.gorest.gorestinfo.GorestCURDTestWithSteps" name="This will Delete user by ID"/><testcase classname="in.co.gorest.gorestinfo.GorestCURDTestWithSteps" name="1. This will Verify if Total record is 20"/><testcase classname="in.co.gorest.gorestinfo.GorestCURDTestWithSteps" name="2.id 3838 has name =Chaturbhuj Nehru DVM"><error message="Index: 0, Size: 0" type="java.lang.IndexOutOfBoundsException">Index: 0, Size: 0</error><system-err>Index: 0, Size: 0&#13;
in.co.gorest.gorestinfo.GorestCURDTestWithSteps.test006(GorestCURDTestWithSteps.java:86)&#13;
</system-err></testcase><testcase classname="in.co.gorest.gorestinfo.GorestCURDTestWithSteps" name="3. id 3838 has email =dvm_chaturbhuj_nehru@pagac.name"><error message="Index: 0, Size: 0" type="java.lang.IndexOutOfBoundsException">Index: 0, Size: 0</error><system-err>Index: 0, Size: 0&#13;
in.co.gorest.gorestinfo.GorestCURDTestWithSteps.test007(GorestCURDTestWithSteps.java:94)&#13;
</system-err></testcase><testcase classname="in.co.gorest.gorestinfo.GorestCURDTestWithSteps" name="4.All ID has status =active"/><testcase classname="in.co.gorest.gorestinfo.GorestCURDTestWithSteps" name="5.id 3829 has gender =female"><error message="Index: 0, Size: 0" type="java.lang.IndexOutOfBoundsException">Index: 0, Size: 0</error><system-err>Index: 0, Size: 0&#13;
in.co.gorest.gorestinfo.GorestCURDTestWithSteps.test009(GorestCURDTestWithSteps.java:114)&#13;
</system-err></testcase><testcase classname="in.co.gorest.gorestinfo.GorestCURDTestWithSteps" name="6.id 3819 has gender =female"><error message="Index: 0, Size: 0" type="java.lang.IndexOutOfBoundsException">Index: 0, Size: 0</error><system-err>Index: 0, Size: 0&#13;
in.co.gorest.gorestinfo.GorestCURDTestWithSteps.test010(GorestCURDTestWithSteps.java:121)&#13;
</system-err></testcase></testsuite>